数据仓库调度 	jobs= 5  tasks= 9
	--------------------------------------
	 作业1
		 任务1
			[]
		 ping2
			[]

	--------------------------------------
	 作业2
		 任务3
			[任务1,ping2,]
		 任务4
			[任务1,ping2,]
		 任务5
			[]

	--------------------------------------
	 作业3
		 任务6
			[任务5,任务3,]

	--------------------------------------
	 作业9
		 任务7
			[任务4,任务6,]
		 任务8
			[任务6,]

	--------------------------------------
	 作业10
		 任务20
			[任务7,任务8,]

数据市场调度 	jobs= 5  tasks= 11
	--------------------------------------
	 作业4
		 任务11
			[]
		 任务9
			[]
		 任务10
			[]

	--------------------------------------
	 作业5
		 任务12
			[任务10,任务9,]

	--------------------------------------
	 作业6
		 任务13
			[任务12,]

	--------------------------------------
	 作业7
		 任务16
			[任务13,任务11,]
		 任务14
			[任务13,]
		 任务15
			[任务13,]

	--------------------------------------
	 作业8
		 任务17
			[任务14,任务15,任务16,]
		 任务18
			[任务16,任务15,]
		 任务19
			[任务15,]

2014-06-06 18:06:20.003240235 +0800 CST 	 数据仓库调度 is start
time="2014-06-06 18:06:20.003429213 +0800 CST" level="info" msg="NewExecJob" batchId="1-2014-06-06 18:06:20.003366" batchJobId="1-2014-06-06 18:06:20.003366-1" info="task is create" batchTaskId="1-2014-06-06 18:06:20.003366-1-1" taskName="任务1" error=<nil> 
time="2014-06-06 18:06:20.003572805 +0800 CST" level="info" msg="NewExecJob" batchId="1-2014-06-06 18:06:20.003366" batchTaskId="1-2014-06-06 18:06:20.003366-1-2" info="task is create" error=<nil> batchJobId="1-2014-06-06 18:06:20.003366-1" taskName="ping2" 
time="2014-06-06 18:06:20.003631043 +0800 CST" level="info" msg="NewExecJob" batchId="1-2014-06-06 18:06:20.003366" batchJobId="1-2014-06-06 18:06:20.003366-1" jobName="作业1" info="job is create" error=<nil> 
time="2014-06-06 18:06:20.00369332 +0800 CST" level="info" msg="NewExecJob" batchId="1-2014-06-06 18:06:20.003366" info="task is create" batchJobId="1-2014-06-06 18:06:20.003366-2" batchTaskId="1-2014-06-06 18:06:20.003366-2-3" taskName="任务3" error=<nil> 
time="2014-06-06 18:06:20.003784752 +0800 CST" level="info" msg="NewExecJob" batchJobId="1-2014-06-06 18:06:20.003366-2" taskName="任务4" error=<nil> batchId="1-2014-06-06 18:06:20.003366" batchTaskId="1-2014-06-06 18:06:20.003366-2-4" info="task is create" 
time="2014-06-06 18:06:20.003834447 +0800 CST" level="info" msg="NewExecJob" batchJobId="1-2014-06-06 18:06:20.003366-2" batchTaskId="1-2014-06-06 18:06:20.003366-2-5" taskName="任务5" batchId="1-2014-06-06 18:06:20.003366" info="task is create" error=<nil> 
time="2014-06-06 18:06:20.00388407 +0800 CST" level="info" msg="NewExecJob" batchId="1-2014-06-06 18:06:20.003366" batchJobId="1-2014-06-06 18:06:20.003366-2" jobName="作业2" info="job is create" error=<nil> 
time="2014-06-06 18:06:20.003925534 +0800 CST" level="info" msg="NewExecJob" batchId="1-2014-06-06 18:06:20.003366" taskName="任务6" info="task is create" batchJobId="1-2014-06-06 18:06:20.003366-3" batchTaskId="1-2014-06-06 18:06:20.003366-3-6" error=<nil> 
time="2014-06-06 18:06:20.003968787 +0800 CST" level="info" msg="NewExecJob" batchId="1-2014-06-06 18:06:20.003366" batchJobId="1-2014-06-06 18:06:20.003366-3" jobName="作业3" info="job is create" error=<nil> 
time="2014-06-06 18:06:20.00401652 +0800 CST" level="info" msg="NewExecJob" batchId="1-2014-06-06 18:06:20.003366" batchJobId="1-2014-06-06 18:06:20.003366-9" batchTaskId="1-2014-06-06 18:06:20.003366-9-7" taskName="任务7" info="task is create" error=<nil> 
time="2014-06-06 18:06:20.004057262 +0800 CST" level="info" msg="NewExecJob" batchId="1-2014-06-06 18:06:20.003366" info="task is create" error=<nil> batchJobId="1-2014-06-06 18:06:20.003366-9" batchTaskId="1-2014-06-06 18:06:20.003366-9-8" taskName="任务8" 
time="2014-06-06 18:06:20.004126574 +0800 CST" level="info" msg="NewExecJob" batchId="1-2014-06-06 18:06:20.003366" batchJobId="1-2014-06-06 18:06:20.003366-9" jobName="作业9" info="job is create" error=<nil> 
time="2014-06-06 18:06:20.004206732 +0800 CST" level="info" msg="NewExecJob" batchTaskId="1-2014-06-06 18:06:20.003366-10-20" info="task is create" error=<nil> batchId="1-2014-06-06 18:06:20.003366" batchJobId="1-2014-06-06 18:06:20.003366-10" taskName="任务20" 
time="2014-06-06 18:06:20.004252972 +0800 CST" level="info" msg="NewExecJob" batchId="1-2014-06-06 18:06:20.003366" batchJobId="1-2014-06-06 18:06:20.003366-10" jobName="作业10" info="job is create" error=<nil> 
time="2014-06-06 18:06:20.004308161 +0800 CST" level="info" msg="NewExecSchedule" batchId="1-2014-06-06 18:06:20.003366" jobCnt=5 scheduleName="数据仓库调度" taskCnt=9 info="schedule is create" error=<nil> 
time="2014-06-06 18:06:20.004357203 +0800 CST" level="info" msg="ExecSchedule.Run" ScheduleName="数据仓库调度" startTime=2014-06-06 18:06:20.004349288 +0800 CST endTime=0001-01-01 00:00:00 +0000 UTC info="schedule is start" error=<nil> batchId="1-2014-06-06 18:06:20.003366" state=1 
time="2014-06-06 18:06:20.004412205 +0800 CST" level="info" msg="ExecSchedule.Run" batchJobId="1-2014-06-06 18:06:20.003366-1" result=0 batchId="1-2014-06-06 18:06:20.003366" endTime=0001-01-01 00:00:00 +0000 UTC error=<nil> jobName="作业1" startTime=2014-06-06 18:06:20.004399104 +0800 CST info="job is start" state=1 
time="2014-06-06 18:06:20.004553243 +0800 CST" level="info" msg="ExecSchedule.Run" batchId="1-2014-06-06 18:06:20.003366" info="job is start" state=1 endTime=0001-01-01 00:00:00 +0000 UTC error=<nil> jobName="作业2" batchJobId="1-2014-06-06 18:06:20.003366-2" result=0 startTime=2014-06-06 18:06:20.004542698 +0800 CST 
time="2014-06-06 18:06:20.004669182 +0800 CST" level="info" msg="ExecTask.Run" TaskName="任务5" state=1 info="task is start" batchJobId="1-2014-06-06 18:06:20.003366-2" endTime=0001-01-01 00:00:00 +0000 UTC batchId="1-2014-06-06 18:06:20.003366" startTime=2014-06-06 18:06:20.004636003 +0800 CST batchTaskId="1-2014-06-06 18:06:20.003366-2-5" relExecTasks=map[] error=<nil> 
time="2014-06-06 18:06:20.004680574 +0800 CST" level="info" msg="ExecTask.Run" batchTaskId="1-2014-06-06 18:06:20.003366-1-2" startTime=2014-06-06 18:06:20.004652991 +0800 CST endTime=0001-01-01 00:00:00 +0000 UTC relExecTasks=map[] batchId="1-2014-06-06 18:06:20.003366" TaskName="ping2" batchJobId="1-2014-06-06 18:06:20.003366-1" state=1 info="task is start" error=<nil> 
time="2014-06-06 18:06:20.00459441 +0800 CST" level="info" msg="ExecTask.Run" batchId="1-2014-06-06 18:06:20.003366" batchJobId="1-2014-06-06 18:06:20.003366-1" batchTaskId="1-2014-06-06 18:06:20.003366-1-1" relExecTasks=map[] info="task is start" error=<nil> TaskName="任务1" state=1 startTime=2014-06-06 18:06:20.004563298 +0800 CST endTime=0001-01-01 00:00:00 +0000 UTC 
time="2014-06-06 18:06:20.014907383 +0800 CST" level="info" msg="ExecTask.Run" state=3 batchId="1-2014-06-06 18:06:20.003366" batchJobId="1-2014-06-06 18:06:20.003366-1" startTime=2014-06-06 18:06:20.004652991 +0800 CST info="task is end" endTime=2014-06-06 18:06:20.01489124 +0800 CST relExecTasks=map[] error=exit status 64 batchTaskId="1-2014-06-06 18:06:20.003366-1-2" TaskName="ping2" 
1      ping2    ping 


time="2014-06-06 18:06:20.016097057 +0800 CST" level="info" msg="ExecTask.Run" batchId="1-2014-06-06 18:06:20.003366" batchJobId="1-2014-06-06 18:06:20.003366-2" endTime=2014-06-06 18:06:20.016076672 +0800 CST info="task is end" batchTaskId="1-2014-06-06 18:06:20.003366-2-5" TaskName="任务5" error=<nil> state=3 startTime=2014-06-06 18:06:20.004636003 +0800 CST relExecTasks=map[] 
time="2014-06-06 18:06:20.017193527 +0800 CST" level="info" msg="ExecTask.Run" startTime=2014-06-06 18:06:20.004563298 +0800 CST endTime=2014-06-06 18:06:20.01717783 +0800 CST TaskName="任务1" info="task is end" state=3 relExecTasks=map[] batchId="1-2014-06-06 18:06:20.003366" batchJobId="1-2014-06-06 18:06:20.003366-1" batchTaskId="1-2014-06-06 18:06:20.003366-1-1" error=<nil> 
time="2014-06-06 18:06:20.017280729 +0800 CST" level="info" msg="ExecSchedule.Run" batchId="1-2014-06-06 18:06:20.003366" result=1 endTime=2014-06-06 18:06:20.017271022 +0800 CST taskCnt=0 state=3 startTime=2014-06-06 18:06:20.004349288 +0800 CST jobCnt=5 info="schedule is end" scheduleName="数据仓库调度" error=<nil> 
